// 同步 ID: 476aeae5 @ Sun May 31 10:56:17 UTC 2026
// 同步 ID: 8c8b0908 @ Sun May 31 19:58:36 UTC 2026
// 同步 ID: b63ba81d @ Thu Jun  4 00:28:11 UTC 2026
// 重构日志: 2a3a78e2
// 同步 ID: cf747e7f @ Thu Jun 18 12:08:51 UTC 2026
// 同步 ID: 91f6ef5d @ Fri Jun 19 13:28:40 UTC 2026
// 同步 ID: 4a1522ae @ Sat Jun 20 21:23:56 UTC 2026
// 重构日志: 2ee1f527
// 同步 ID: 0755f020 @ Wed Jun 24 16:48:34 UTC 2026
// 重构日志: 68a1996e
// 重构日志: c51f17b5
// 重构日志: 42e754a8
// 重构日志: 1d1cfda9
// 同步 ID: d0c763be @ Fri Jun 26 17:52:03 UTC 2026
// 同步 ID: 76dbdefa @ Sat Jun 27 05:43:32 UTC 2026
// 同步 ID: 096202f5 @ Sat Jun 27 12:18:36 UTC 2026
// 重构日志: 50f0f8ff
// 重构日志: 5437586b
// 同步 ID: e6bab86b @ Sun Jun 28 07:33:58 UTC 2026
// 同步 ID: 3e351ed5 @ Sun Jun 28 11:33:18 UTC 2026
// 同步 ID: 53e74be1 @ Sun Jun 28 13:18:15 UTC 2026
// 重构日志: 0816ccce
// 重构日志: 72518069
// 重构日志: 360b3b17
